<?xml version="1.0" encoding="UTF-8"?>
<!-- Generated by org.testng.reporters.JUnitXMLReporter -->
<testsuite ignored="3" hostname="LAPTOP-JUQJ0GN9" failures="0" tests="4" name="Default test" time="261.856" errors="0" timestamp="2025-04-17T02:32:09 IST">
  <testcase classname="com.orangeHRM.test.LoginPageTest" name="loginTest" time="42.793"/>
  <testcase classname="com.orangeHRM.test.LoginPageTest" name="loginTest" time="43.157"/>
  <testcase classname="com.orangeHRM.test.LoginPageTest" name="loginTest" time="42.711"/>
  <testcase classname="com.orangeHRM.test.LoginPageTest" name="loginTest" time="22.61"/>
  <testcase classname="com.orangeHRM.test.LoginPageTest" name="verifyValidLoginTest" time="0.0">
    <ignored/>
  </testcase> <!-- verifyValidLoginTest -->
  <testcase classname="com.orangeHRM.test.LoginPageTest" name="inValidLoginTest" time="0.0">
    <ignored/>
  </testcase> <!-- inValidLoginTest -->
  <testcase classname="com.orangeHRM.test.LoginPageTest" name="highlightLoginFields" time="0.0">
    <ignored/>
  </testcase> <!-- highlightLoginFields -->
</testsuite> <!-- Default test -->
