<?xml version="1.0" encoding="UTF-8"?>
<!-- Generated by org.testng.reporters.JUnitXMLReporter -->
<testsuite ignored="2" hostname="LAPTOP-JUQJ0GN9" failures="0" tests="4" name="orangeHRMTest" time="43.008" errors="0" timestamp="2025-04-14T15:33:29 IST">
  <testcase classname="com.orangeHRM.test.Dummy" name="dummyTest" time="0.456"/>
  <testcase classname="com.orangeHRM.test.LoginPageTest" name="inValidLoginTest" time="2.819"/>
  <testcase classname="com.orangeHRM.test.HomePageTest" name="verifyOrangeHrmLogo" time="11.865"/>
  <testcase classname="com.orangeHRM.test.LoginPageTest" name="verifyValidLoginTest" time="22.41"/>
  <testcase classname="com.orangehrm.base.BaseClass" name="@BeforeSuite loadConfig" time="0.0">
    <ignored/>
  </testcase> <!-- @BeforeSuite loadConfig -->
  <testcase classname="com.orangehrm.base.BaseClass" name="@BeforeSuite loadConfig" time="0.0">
    <ignored/>
  </testcase> <!-- @BeforeSuite loadConfig -->
</testsuite> <!-- orangeHRMTest -->
