<?xml version="1.0" encoding="UTF-8"?>
<!-- Generated by org.testng.reporters.JUnitXMLReporter -->
<testsuite ignored="1" hostname="LAPTOP-JUQJ0GN9" failures="0" tests="1" name="Home Page Tests" time="26.262" errors="0" timestamp="2025-04-15T02:30:13 IST">
  <testcase classname="com.orangeHRM.test.HomePageTest" name="verifyOrangeHrmLogo" time="16.247"/>
  <testcase classname="com.orangeHRM.test.HomePageTest" name="searchEmployeeById" time="0.0">
    <ignored/>
  </testcase> <!-- searchEmployeeById -->
</testsuite> <!-- Home Page Tests -->
