<?xml version="1.0" encoding="UTF-8"?>
<!-- Generated by org.testng.reporters.JUnitXMLReporter -->
<testsuite ignored="1" hostname="LAPTOP-JUQJ0GN9" failures="0" tests="2" name="Login Tests" time="307.11" errors="0" timestamp="2025-04-15T02:34:54 IST">
  <testcase classname="com.orangeHRM.test.LoginPageTest" name="highlightLoginFields" time="0.907"/>
  <testcase classname="com.orangeHRM.test.LoginPageTest" name="verifyValidLoginTest" time="23.19"/>
  <testcase classname="com.orangeHRM.test.LoginPageTest" name="loginTest" time="0.0">
    <ignored/>
  </testcase> <!-- loginTest -->
</testsuite> <!-- Login Tests -->
