<?xml version="1.0" encoding="UTF-8"?>
<testng-results ignored="3" total="7" passed="4" failed="0" skipped="0">
  <reporter-output>
  </reporter-output>
  <suite started-at="2025-04-17T02:27:47 IST" name="Default suite" finished-at="2025-04-17T02:32:09 IST" duration-ms="261856">
    <groups>
    </groups>
    <test started-at="2025-04-17T02:27:47 IST" name="Default test" finished-at="2025-04-17T02:32:09 IST" duration-ms="261856">
      <class name="com.orangeHRM.test.LoginPageTest">
        <test-method is-config="true" signature="loadConfig()[pri:0, instance:com.orangeHRM.test.LoginPageTest@2072acb2]" started-at="2025-04-17T02:27:47 IST" name="loadConfig" finished-at="2025-04-17T02:27:47 IST" duration-ms="16" status="PASS">
          <reporter-output>
          </reporter-output>
        </test-method> <!-- loadConfig -->
        <test-method is-config="true" signature="setUp()[pri:0, instance:com.orangeHRM.test.LoginPageTest@2072acb2]" started-at="2025-04-17T02:27:48 IST" name="setUp" finished-at="2025-04-17T02:29:16 IST" duration-ms="87659" status="PASS">
          <reporter-output>
          </reporter-output>
        </test-method> <!-- setUp -->
        <test-method is-config="true" signature="setupPages()[pri:0, instance:com.orangeHRM.test.LoginPageTest@2072acb2]" started-at="2025-04-17T02:29:16 IST" name="setupPages" finished-at="2025-04-17T02:29:16 IST" duration-ms="4" status="PASS">
          <reporter-output>
          </reporter-output>
        </test-method> <!-- setupPages -->
        <test-method signature="loginTest(java.lang.String,java.lang.String)[pri:0, instance:com.orangeHRM.test.LoginPageTest@2072acb2]" started-at="2025-04-17T02:29:16 IST" name="loginTest" data-provider="loginData" finished-at="2025-04-17T02:29:58 IST" duration-ms="42793" status="PASS">
          <params>
            <param index="0">
              <value>
                <![CDATA[21]]>
              </value>
            </param>
            <param index="1">
              <value>
                <![CDATA[admin123]]>
              </value>
            </param>
          </params>
          <reporter-output>
          </reporter-output>
        </test-method> <!-- loginTest -->
        <test-method is-config="true" signature="tearDownTest()[pri:0, instance:com.orangeHRM.test.LoginPageTest@2072acb2]" started-at="2025-04-17T02:29:58 IST" name="tearDownTest" finished-at="2025-04-17T02:29:59 IST" duration-ms="241" status="PASS">
          <reporter-output>
          </reporter-output>
        </test-method> <!-- tearDownTest -->
        <test-method is-config="true" signature="tearDown()[pri:0, instance:com.orangeHRM.test.LoginPageTest@2072acb2]" started-at="2025-04-17T02:29:59 IST" name="tearDown" finished-at="2025-04-17T02:29:59 IST" duration-ms="259" status="PASS">
          <reporter-output>
          </reporter-output>
        </test-method> <!-- tearDown -->
        <test-method is-config="true" signature="setUp()[pri:0, instance:com.orangeHRM.test.LoginPageTest@2072acb2]" started-at="2025-04-17T02:29:59 IST" name="setUp" finished-at="2025-04-17T02:30:06 IST" duration-ms="7114" status="PASS">
          <reporter-output>
          </reporter-output>
        </test-method> <!-- setUp -->
        <test-method is-config="true" signature="setupPages()[pri:0, instance:com.orangeHRM.test.LoginPageTest@2072acb2]" started-at="2025-04-17T02:30:06 IST" name="setupPages" finished-at="2025-04-17T02:30:06 IST" duration-ms="1" status="PASS">
          <reporter-output>
          </reporter-output>
        </test-method> <!-- setupPages -->
        <test-method signature="loginTest(java.lang.String,java.lang.String)[pri:0, instance:com.orangeHRM.test.LoginPageTest@2072acb2]" started-at="2025-04-17T02:30:06 IST" name="loginTest" data-provider="loginData" finished-at="2025-04-17T02:30:49 IST" duration-ms="43157" status="PASS">
          <params>
            <param index="0">
              <value>
                <![CDATA[admin]]>
              </value>
            </param>
            <param index="1">
              <value>
                <![CDATA[admin132]]>
              </value>
            </param>
          </params>
          <reporter-output>
          </reporter-output>
        </test-method> <!-- loginTest -->
        <test-method is-config="true" signature="tearDownTest()[pri:0, instance:com.orangeHRM.test.LoginPageTest@2072acb2]" started-at="2025-04-17T02:30:49 IST" name="tearDownTest" finished-at="2025-04-17T02:30:49 IST" duration-ms="20" status="PASS">
          <reporter-output>
          </reporter-output>
        </test-method> <!-- tearDownTest -->
        <test-method is-config="true" signature="tearDown()[pri:0, instance:com.orangeHRM.test.LoginPageTest@2072acb2]" started-at="2025-04-17T02:30:49 IST" name="tearDown" finished-at="2025-04-17T02:30:49 IST" duration-ms="205" status="PASS">
          <reporter-output>
          </reporter-output>
        </test-method> <!-- tearDown -->
        <test-method is-config="true" signature="setUp()[pri:0, instance:com.orangeHRM.test.LoginPageTest@2072acb2]" started-at="2025-04-17T02:30:49 IST" name="setUp" finished-at="2025-04-17T02:30:56 IST" duration-ms="6802" status="PASS">
          <reporter-output>
          </reporter-output>
        </test-method> <!-- setUp -->
        <test-method is-config="true" signature="setupPages()[pri:0, instance:com.orangeHRM.test.LoginPageTest@2072acb2]" started-at="2025-04-17T02:30:56 IST" name="setupPages" finished-at="2025-04-17T02:30:56 IST" duration-ms="1" status="PASS">
          <reporter-output>
          </reporter-output>
        </test-method> <!-- setupPages -->
        <test-method signature="loginTest(java.lang.String,java.lang.String)[pri:0, instance:com.orangeHRM.test.LoginPageTest@2072acb2]" started-at="2025-04-17T02:30:56 IST" name="loginTest" data-provider="loginData" finished-at="2025-04-17T02:31:39 IST" duration-ms="42711" status="PASS">
          <params>
            <param index="0">
              <value>
                <![CDATA[admin32]]>
              </value>
            </param>
            <param index="1">
              <value>
                <![CDATA[admin34]]>
              </value>
            </param>
          </params>
          <reporter-output>
          </reporter-output>
        </test-method> <!-- loginTest -->
        <test-method is-config="true" signature="tearDownTest()[pri:0, instance:com.orangeHRM.test.LoginPageTest@2072acb2]" started-at="2025-04-17T02:31:39 IST" name="tearDownTest" finished-at="2025-04-17T02:31:39 IST" duration-ms="20" status="PASS">
          <reporter-output>
          </reporter-output>
        </test-method> <!-- tearDownTest -->
        <test-method is-config="true" signature="tearDown()[pri:0, instance:com.orangeHRM.test.LoginPageTest@2072acb2]" started-at="2025-04-17T02:31:39 IST" name="tearDown" finished-at="2025-04-17T02:31:39 IST" duration-ms="254" status="PASS">
          <reporter-output>
          </reporter-output>
        </test-method> <!-- tearDown -->
        <test-method is-config="true" signature="setUp()[pri:0, instance:com.orangeHRM.test.LoginPageTest@2072acb2]" started-at="2025-04-17T02:31:39 IST" name="setUp" finished-at="2025-04-17T02:31:46 IST" duration-ms="7232" status="PASS">
          <reporter-output>
          </reporter-output>
        </test-method> <!-- setUp -->
        <test-method is-config="true" signature="setupPages()[pri:0, instance:com.orangeHRM.test.LoginPageTest@2072acb2]" started-at="2025-04-17T02:31:46 IST" name="setupPages" finished-at="2025-04-17T02:31:46 IST" duration-ms="1" status="PASS">
          <reporter-output>
          </reporter-output>
        </test-method> <!-- setupPages -->
        <test-method signature="loginTest(java.lang.String,java.lang.String)[pri:0, instance:com.orangeHRM.test.LoginPageTest@2072acb2]" started-at="2025-04-17T02:31:46 IST" name="loginTest" data-provider="loginData" finished-at="2025-04-17T02:32:09 IST" duration-ms="22610" status="PASS">
          <params>
            <param index="0">
              <value>
                <![CDATA[admin]]>
              </value>
            </param>
            <param index="1">
              <value>
                <![CDATA[admin123]]>
              </value>
            </param>
          </params>
          <reporter-output>
          </reporter-output>
        </test-method> <!-- loginTest -->
        <test-method is-config="true" signature="tearDownTest()[pri:0, instance:com.orangeHRM.test.LoginPageTest@2072acb2]" started-at="2025-04-17T02:32:09 IST" name="tearDownTest" finished-at="2025-04-17T02:32:09 IST" duration-ms="30" status="PASS">
          <reporter-output>
          </reporter-output>
        </test-method> <!-- tearDownTest -->
        <test-method is-config="true" signature="tearDown()[pri:0, instance:com.orangeHRM.test.LoginPageTest@2072acb2]" started-at="2025-04-17T02:32:09 IST" name="tearDown" finished-at="2025-04-17T02:32:09 IST" duration-ms="243" status="PASS">
          <reporter-output>
          </reporter-output>
        </test-method> <!-- tearDown -->
      </class> <!-- com.orangeHRM.test.LoginPageTest -->
    </test> <!-- Default test -->
  </suite> <!-- Default suite -->
</testng-results>
