<?xml version="1.0" encoding="UTF-8"?>
<!-- Generated by org.testng.reporters.JUnitXMLReporter -->
<testsuite ignored="2" hostname="LAPTOP-JUQJ0GN9" failures="0" tests="5" name="Test" time="79.435" errors="0" timestamp="2025-04-14T21:17:37 IST">
  <testcase classname="com.orangeHRM.test.Dummy" name="dummyTest" time="0.396"/>
  <testcase classname="com.orangeHRM.test.HomePageTest" name="verifyOrangeHrmLogo" time="11.611"/>
  <testcase classname="com.orangeHRM.test.LoginPageTest" name="highlightLoginFields" time="0.923"/>
  <testcase classname="com.orangeHRM.test.LoginPageTest" name="inValidLoginTest" time="1.829"/>
  <testcase classname="com.orangeHRM.test.LoginPageTest" name="verifyValidLoginTest" time="23.354"/>
  <testcase classname="com.orangehrm.base.BaseClass" name="@BeforeSuite loadConfig" time="0.0">
    <ignored/>
  </testcase> <!-- @BeforeSuite loadConfig -->
  <testcase classname="com.orangehrm.base.BaseClass" name="@BeforeSuite loadConfig" time="0.0">
    <ignored/>
  </testcase> <!-- @BeforeSuite loadConfig -->
</testsuite> <!-- Test -->
